17:52:49 **** Build of project fsbl_bsp ****
make -k all 
Running Make include in ps7_cortexa9_0/libsrc/coresightps_dcc_v1_0/src
make -C ps7_cortexa9_0/libsrc/coresightps_dcc_v1_0/src -s include  "SHELL=/bin/sh" "COMPILER=arm-xilinx-eabi-gcc" "ARCHIVER=arm-xilinx-eabi-ar" "COMPILER_FLAGS=  -O2 -c" "EXTRA_COMPILER_FLAGS=-g"
Running Make include in ps7_cortexa9_0/libsrc/cpu_cortexa9_v2_1/src
make -C ps7_cortexa9_0/libsrc/cpu_cortexa9_v2_1/src -s include  "SHELL=/bin/sh" "COMPILER=arm-xilinx-eabi-gcc" "ARCHIVER=arm-xilinx-eabi-ar" "COMPILER_FLAGS=  -O2 -c" "EXTRA_COMPILER_FLAGS=-g"
Running Make include in ps7_cortexa9_0/libsrc/devcfg_v3_2/src
make -C ps7_cortexa9_0/libsrc/devcfg_v3_2/src -s include  "SHELL=/bin/sh" "COMPILER=arm-xilinx-eabi-gcc" "ARCHIVER=arm-xilinx-eabi-ar" "COMPILER_FLAGS=  -O2 -c" "EXTRA_COMPILER_FLAGS=-g"
Running Make include in ps7_cortexa9_0/libsrc/dmaps_v2_1/src
make -C ps7_cortexa9_0/libsrc/dmaps_v2_1/src -s include  "SHELL=/bin/sh" "COMPILER=arm-xilinx-eabi-gcc" "ARCHIVER=arm-xilinx-eabi-ar" "COMPILER_FLAGS=  -O2 -c" "EXTRA_COMPILER_FLAGS=-g"
Running Make include in ps7_cortexa9_0/libsrc/emacps_v3_0/src
make -C ps7_cortexa9_0/libsrc/emacps_v3_0/src -s include  "SHELL=/bin/sh" "COMPILER=arm-xilinx-eabi-gcc" "ARCHIVER=arm-xilinx-eabi-ar" "COMPILER_FLAGS=  -O2 -c" "EXTRA_COMPILER_FLAGS=-g"
Running Make include in ps7_cortexa9_0/libsrc/example_top_v6_0/src
make -C ps7_cortexa9_0/libsrc/example_top_v6_0/src -s include  "SHELL=/bin/sh" "COMPILER=arm-xilinx-eabi-gcc" "ARCHIVER=arm-xilinx-eabi-ar" "COMPILER_FLAGS=  -O2 -c" "EXTRA_COMPILER_FLAGS=-g"
Running Make include in ps7_cortexa9_0/libsrc/gpiops_v3_0/src
make -C ps7_cortexa9_0/libsrc/gpiops_v3_0/src -s include  "SHELL=/bin/sh" "COMPILER=arm-xilinx-eabi-gcc" "ARCHIVER=arm-xilinx-eabi-ar" "COMPILER_FLAGS=  -O2 -c" "EXTRA_COMPILER_FLAGS=-g"
Running Make include in ps7_cortexa9_0/libsrc/qspips_v3_2/src
make -C ps7_cortexa9_0/libsrc/qspips_v3_2/src -s include  "SHELL=/bin/sh" "COMPILER=arm-xilinx-eabi-gcc" "ARCHIVER=arm-xilinx-eabi-ar" "COMPILER_FLAGS=  -O2 -c" "EXTRA_COMPILER_FLAGS=-g"
Running Make include in ps7_cortexa9_0/libsrc/scugic_v3_0/src
make -C ps7_cortexa9_0/libsrc/scugic_v3_0/src -s include  "SHELL=/bin/sh" "COMPILER=arm-xilinx-eabi-gcc" "ARCHIVER=arm-xilinx-eabi-ar" "COMPILER_FLAGS=  -O2 -c" "EXTRA_COMPILER_FLAGS=-g"
Running Make include in ps7_cortexa9_0/libsrc/scutimer_v2_1/src
make -C ps7_cortexa9_0/libsrc/scutimer_v2_1/src -s include  "SHELL=/bin/sh" "COMPILER=arm-xilinx-eabi-gcc" "ARCHIVER=arm-xilinx-eabi-ar" "COMPILER_FLAGS=  -O2 -c" "EXTRA_COMPILER_FLAGS=-g"
Running Make include in ps7_cortexa9_0/libsrc/scuwdt_v2_1/src
make -C ps7_cortexa9_0/libsrc/scuwdt_v2_1/src -s include  "SHELL=/bin/sh" "COMPILER=arm-xilinx-eabi-gcc" "ARCHIVER=arm-xilinx-eabi-ar" "COMPILER_FLAGS=  -O2 -c" "EXTRA_COMPILER_FLAGS=-g"
Running Make include in ps7_cortexa9_0/libsrc/sdps_v2_4/src
make -C ps7_cortexa9_0/libsrc/sdps_v2_4/src -s include  "SHELL=/bin/sh" "COMPILER=arm-xilinx-eabi-gcc" "ARCHIVER=arm-xilinx-eabi-ar" "COMPILER_FLAGS=  -O2 -c" "EXTRA_COMPILER_FLAGS=-g"
Running Make include in ps7_cortexa9_0/libsrc/standalone_v5_0/src
make -C ps7_cortexa9_0/libsrc/standalone_v5_0/src -s include  "SHELL=/bin/sh" "COMPILER=arm-xilinx-eabi-gcc" "ARCHIVER=arm-xilinx-eabi-ar" "COMPILER_FLAGS=  -O2 -c" "EXTRA_COMPILER_FLAGS=-g"
Running Make include in ps7_cortexa9_0/libsrc/ttcps_v3_0/src
make -C ps7_cortexa9_0/libsrc/ttcps_v3_0/src -s include  "SHELL=/bin/sh" "COMPILER=arm-xilinx-eabi-gcc" "ARCHIVER=arm-xilinx-eabi-ar" "COMPILER_FLAGS=  -O2 -c" "EXTRA_COMPILER_FLAGS=-g"
Running Make include in ps7_cortexa9_0/libsrc/uartps_v3_0/src
make -C ps7_cortexa9_0/libsrc/uartps_v3_0/src -s include  "SHELL=/bin/sh" "COMPILER=arm-xilinx-eabi-gcc" "ARCHIVER=arm-xilinx-eabi-ar" "COMPILER_FLAGS=  -O2 -c" "EXTRA_COMPILER_FLAGS=-g"
Running Make include in ps7_cortexa9_0/libsrc/usbps_v2_2/src
make -C ps7_cortexa9_0/libsrc/usbps_v2_2/src -s include  "SHELL=/bin/sh" "COMPILER=arm-xilinx-eabi-gcc" "ARCHIVER=arm-xilinx-eabi-ar" "COMPILER_FLAGS=  -O2 -c" "EXTRA_COMPILER_FLAGS=-g"
Running Make include in ps7_cortexa9_0/libsrc/xadcps_v2_1/src
make -C ps7_cortexa9_0/libsrc/xadcps_v2_1/src -s include  "SHELL=/bin/sh" "COMPILER=arm-xilinx-eabi-gcc" "ARCHIVER=arm-xilinx-eabi-ar" "COMPILER_FLAGS=  -O2 -c" "EXTRA_COMPILER_FLAGS=-g"
Running Make include in ps7_cortexa9_0/libsrc/xilffs_v3_0/src
make -C ps7_cortexa9_0/libsrc/xilffs_v3_0/src -s include  "SHELL=/bin/sh" "COMPILER=arm-xilinx-eabi-gcc" "ARCHIVER=arm-xilinx-eabi-ar" "COMPILER_FLAGS=  -O2 -c" "EXTRA_COMPILER_FLAGS=-g"
Running Make include in ps7_cortexa9_0/libsrc/xilrsa_v1_1/src
make -C ps7_cortexa9_0/libsrc/xilrsa_v1_1/src -s include  "SHELL=/bin/sh" "COMPILER=arm-xilinx-eabi-gcc" "ARCHIVER=arm-xilinx-eabi-ar" "COMPILER_FLAGS=  -O2 -c" "EXTRA_COMPILER_FLAGS=-g"
Running Make libs in ps7_cortexa9_0/libsrc/coresightps_dcc_v1_0/src
make -C ps7_cortexa9_0/libsrc/coresightps_dcc_v1_0/src -s libs  "SHELL=/bin/sh" "COMPILER=arm-xilinx-eabi-gcc" "ARCHIVER=arm-xilinx-eabi-ar" "COMPILER_FLAGS=  -O2 -c" "EXTRA_COMPILER_FLAGS=-g"
Compiling coresightps_dcc
arm-xilinx-eabi-ar: creating ../../../lib/libxil.a
Running Make libs in ps7_cortexa9_0/libsrc/cpu_cortexa9_v2_1/src
make -C ps7_cortexa9_0/libsrc/cpu_cortexa9_v2_1/src -s libs  "SHELL=/bin/sh" "COMPILER=arm-xilinx-eabi-gcc" "ARCHIVER=arm-xilinx-eabi-ar" "COMPILER_FLAGS=  -O2 -c" "EXTRA_COMPILER_FLAGS=-g"
Compiling cpu_cortexa9
Running Make libs in ps7_cortexa9_0/libsrc/devcfg_v3_2/src
make -C ps7_cortexa9_0/libsrc/devcfg_v3_2/src -s libs  "SHELL=/bin/sh" "COMPILER=arm-xilinx-eabi-gcc" "ARCHIVER=arm-xilinx-eabi-ar" "COMPILER_FLAGS=  -O2 -c" "EXTRA_COMPILER_FLAGS=-g"
Compiling devcfg
Running Make libs in ps7_cortexa9_0/libsrc/dmaps_v2_1/src
make -C ps7_cortexa9_0/libsrc/dmaps_v2_1/src -s libs  "SHELL=/bin/sh" "COMPILER=arm-xilinx-eabi-gcc" "ARCHIVER=arm-xilinx-eabi-ar" "COMPILER_FLAGS=  -O2 -c" "EXTRA_COMPILER_FLAGS=-g"
Compiling dmaps
Running Make libs in ps7_cortexa9_0/libsrc/emacps_v3_0/src
make -C ps7_cortexa9_0/libsrc/emacps_v3_0/src -s libs  "SHELL=/bin/sh" "COMPILER=arm-xilinx-eabi-gcc" "ARCHIVER=arm-xilinx-eabi-ar" "COMPILER_FLAGS=  -O2 -c" "EXTRA_COMPILER_FLAGS=-g"
Compiling emacps
Running Make libs in ps7_cortexa9_0/libsrc/example_top_v6_0/src
make -C ps7_cortexa9_0/libsrc/example_top_v6_0/src -s libs  "SHELL=/bin/sh" "COMPILER=arm-xilinx-eabi-gcc" "ARCHIVER=arm-xilinx-eabi-ar" "COMPILER_FLAGS=  -O2 -c" "EXTRA_COMPILER_FLAGS=-g"
Compiling example_top
Running Make libs in ps7_cortexa9_0/libsrc/gpiops_v3_0/src
make -C ps7_cortexa9_0/libsrc/gpiops_v3_0/src -s libs  "SHELL=/bin/sh" "COMPILER=arm-xilinx-eabi-gcc" "ARCHIVER=arm-xilinx-eabi-ar" "COMPILER_FLAGS=  -O2 -c" "EXTRA_COMPILER_FLAGS=-g"
Compiling gpiops
Running Make libs in ps7_cortexa9_0/libsrc/qspips_v3_2/src
make -C ps7_cortexa9_0/libsrc/qspips_v3_2/src -s libs  "SHELL=/bin/sh" "COMPILER=arm-xilinx-eabi-gcc" "ARCHIVER=arm-xilinx-eabi-ar" "COMPILER_FLAGS=  -O2 -c" "EXTRA_COMPILER_FLAGS=-g"
Compiling qspips
Running Make libs in ps7_cortexa9_0/libsrc/scugic_v3_0/src
make -C ps7_cortexa9_0/libsrc/scugic_v3_0/src -s libs  "SHELL=/bin/sh" "COMPILER=arm-xilinx-eabi-gcc" "ARCHIVER=arm-xilinx-eabi-ar" "COMPILER_FLAGS=  -O2 -c" "EXTRA_COMPILER_FLAGS=-g"
Compiling scugic
Running Make libs in ps7_cortexa9_0/libsrc/scutimer_v2_1/src
make -C ps7_cortexa9_0/libsrc/scutimer_v2_1/src -s libs  "SHELL=/bin/sh" "COMPILER=arm-xilinx-eabi-gcc" "ARCHIVER=arm-xilinx-eabi-ar" "COMPILER_FLAGS=  -O2 -c" "EXTRA_COMPILER_FLAGS=-g"
Compiling scutimer
Running Make libs in ps7_cortexa9_0/libsrc/scuwdt_v2_1/src
make -C ps7_cortexa9_0/libsrc/scuwdt_v2_1/src -s libs  "SHELL=/bin/sh" "COMPILER=arm-xilinx-eabi-gcc" "ARCHIVER=arm-xilinx-eabi-ar" "COMPILER_FLAGS=  -O2 -c" "EXTRA_COMPILER_FLAGS=-g"
Compiling scuwdt
Running Make libs in ps7_cortexa9_0/libsrc/sdps_v2_4/src
make -C ps7_cortexa9_0/libsrc/sdps_v2_4/src -s libs  "SHELL=/bin/sh" "COMPILER=arm-xilinx-eabi-gcc" "ARCHIVER=arm-xilinx-eabi-ar" "COMPILER_FLAGS=  -O2 -c" "EXTRA_COMPILER_FLAGS=-g"
Compiling sdps
Running Make libs in ps7_cortexa9_0/libsrc/standalone_v5_0/src
make -C ps7_cortexa9_0/libsrc/standalone_v5_0/src -s libs  "SHELL=/bin/sh" "COMPILER=arm-xilinx-eabi-gcc" "ARCHIVER=arm-xilinx-eabi-ar" "COMPILER_FLAGS=  -O2 -c" "EXTRA_COMPILER_FLAGS=-g"
Compiling standalone
Running Make libs in ps7_cortexa9_0/libsrc/ttcps_v3_0/src
make -C ps7_cortexa9_0/libsrc/ttcps_v3_0/src -s libs  "SHELL=/bin/sh" "COMPILER=arm-xilinx-eabi-gcc" "ARCHIVER=arm-xilinx-eabi-ar" "COMPILER_FLAGS=  -O2 -c" "EXTRA_COMPILER_FLAGS=-g"
Compiling ttcps
Running Make libs in ps7_cortexa9_0/libsrc/uartps_v3_0/src
make -C ps7_cortexa9_0/libsrc/uartps_v3_0/src -s libs  "SHELL=/bin/sh" "COMPILER=arm-xilinx-eabi-gcc" "ARCHIVER=arm-xilinx-eabi-ar" "COMPILER_FLAGS=  -O2 -c" "EXTRA_COMPILER_FLAGS=-g"
Compiling uartps
Running Make libs in ps7_cortexa9_0/libsrc/usbps_v2_2/src
make -C ps7_cortexa9_0/libsrc/usbps_v2_2/src -s libs  "SHELL=/bin/sh" "COMPILER=arm-xilinx-eabi-gcc" "ARCHIVER=arm-xilinx-eabi-ar" "COMPILER_FLAGS=  -O2 -c" "EXTRA_COMPILER_FLAGS=-g"
Compiling usbps
Running Make libs in ps7_cortexa9_0/libsrc/xadcps_v2_1/src
make -C ps7_cortexa9_0/libsrc/xadcps_v2_1/src -s libs  "SHELL=/bin/sh" "COMPILER=arm-xilinx-eabi-gcc" "ARCHIVER=arm-xilinx-eabi-ar" "COMPILER_FLAGS=  -O2 -c" "EXTRA_COMPILER_FLAGS=-g"
Compiling xadcps
Running Make libs in ps7_cortexa9_0/libsrc/xilffs_v3_0/src
make -C ps7_cortexa9_0/libsrc/xilffs_v3_0/src -s libs  "SHELL=/bin/sh" "COMPILER=arm-xilinx-eabi-gcc" "ARCHIVER=arm-xilinx-eabi-ar" "COMPILER_FLAGS=  -O2 -c" "EXTRA_COMPILER_FLAGS=-g"
Compiling XilFFs Library
Creating archive libxilffs.a
Running Make libs in ps7_cortexa9_0/libsrc/xilrsa_v1_1/src
make -C ps7_cortexa9_0/libsrc/xilrsa_v1_1/src -s libs  "SHELL=/bin/sh" "COMPILER=arm-xilinx-eabi-gcc" "ARCHIVER=arm-xilinx-eabi-ar" "COMPILER_FLAGS=  -O2 -c" "EXTRA_COMPILER_FLAGS=-g"
Finished building libraries
17:52:59 **** Build of configuration Debug for project fsbl ****
make all 
Building file: ../src/fsbl_handoff.S
Invoking: ARM gcc compiler
arm-xilinx-eabi-gcc -Wall -O0 -g3 -I"/home/user/utils/HLS_AxiMaster/using_hls_master_stream/project_1.sdk/design_1_wrapper_hw_platform_0" -c -fmessage-length=0 -MT"src/fsbl_handoff.o" -I../../fsbl_bsp/ps7_cortexa9_0/include -MMD -MP -MF"src/fsbl_handoff.d" -MT"src/fsbl_handoff.d" -o "src/fsbl_handoff.o" "../src/fsbl_handoff.S"
Finished building: ../src/fsbl_handoff.S
 
Building file: ../src/fsbl_hooks.c
Invoking: ARM gcc compiler
arm-xilinx-eabi-gcc -Wall -O0 -g3 -I"/home/user/utils/HLS_AxiMaster/using_hls_master_stream/project_1.sdk/design_1_wrapper_hw_platform_0" -c -fmessage-length=0 -MT"src/fsbl_hooks.o" -I../../fsbl_bsp/ps7_cortexa9_0/include -MMD -MP -MF"src/fsbl_hooks.d" -MT"src/fsbl_hooks.d" -o "src/fsbl_hooks.o" "../src/fsbl_hooks.c"
Finished building: ../src/fsbl_hooks.c
 
Building file: ../src/image_mover.c
Invoking: ARM gcc compiler
arm-xilinx-eabi-gcc -Wall -O0 -g3 -I"/home/user/utils/HLS_AxiMaster/using_hls_master_stream/project_1.sdk/design_1_wrapper_hw_platform_0" -c -fmessage-length=0 -MT"src/image_mover.o" -I../../fsbl_bsp/ps7_cortexa9_0/include -MMD -MP -MF"src/image_mover.d" -MT"src/image_mover.d" -o "src/image_mover.o" "../src/image_mover.c"
Finished building: ../src/image_mover.c
 
Building file: ../src/main.c
Invoking: ARM gcc compiler
arm-xilinx-eabi-gcc -Wall -O0 -g3 -I"/home/user/utils/HLS_AxiMaster/using_hls_master_stream/project_1.sdk/design_1_wrapper_hw_platform_0" -c -fmessage-length=0 -MT"src/main.o" -I../../fsbl_bsp/ps7_cortexa9_0/include -MMD -MP -MF"src/main.d" -MT"src/main.d" -o "src/main.o" "../src/main.c"
Finished building: ../src/main.c
 
Building file: ../src/md5.c
Invoking: ARM gcc compiler
arm-xilinx-eabi-gcc -Wall -O0 -g3 -I"/home/user/utils/HLS_AxiMaster/using_hls_master_stream/project_1.sdk/design_1_wrapper_hw_platform_0" -c -fmessage-length=0 -MT"src/md5.o" -I../../fsbl_bsp/ps7_cortexa9_0/include -MMD -MP -MF"src/md5.d" -MT"src/md5.d" -o "src/md5.o" "../src/md5.c"
Finished building: ../src/md5.c
 
Building file: ../src/nand.c
Invoking: ARM gcc compiler
arm-xilinx-eabi-gcc -Wall -O0 -g3 -I"/home/user/utils/HLS_AxiMaster/using_hls_master_stream/project_1.sdk/design_1_wrapper_hw_platform_0" -c -fmessage-length=0 -MT"src/nand.o" -I../../fsbl_bsp/ps7_cortexa9_0/include -MMD -MP -MF"src/nand.d" -MT"src/nand.d" -o "src/nand.o" "../src/nand.c"
Finished building: ../src/nand.c
 
Building file: ../src/nor.c
Invoking: ARM gcc compiler
arm-xilinx-eabi-gcc -Wall -O0 -g3 -I"/home/user/utils/HLS_AxiMaster/using_hls_master_stream/project_1.sdk/design_1_wrapper_hw_platform_0" -c -fmessage-length=0 -MT"src/nor.o" -I../../fsbl_bsp/ps7_cortexa9_0/include -MMD -MP -MF"src/nor.d" -MT"src/nor.d" -o "src/nor.o" "../src/nor.c"
Finished building: ../src/nor.c
 
Building file: ../src/pcap.c
Invoking: ARM gcc compiler
arm-xilinx-eabi-gcc -Wall -O0 -g3 -I"/home/user/utils/HLS_AxiMaster/using_hls_master_stream/project_1.sdk/design_1_wrapper_hw_platform_0" -c -fmessage-length=0 -MT"src/pcap.o" -I../../fsbl_bsp/ps7_cortexa9_0/include -MMD -MP -MF"src/pcap.d" -MT"src/pcap.d" -o "src/pcap.o" "../src/pcap.c"
Finished building: ../src/pcap.c
 
Building file: /home/user/utils/HLS_AxiMaster/using_hls_master_stream/project_1.sdk/design_1_wrapper_hw_platform_0/ps7_init.c
Invoking: ARM gcc compiler
arm-xilinx-eabi-gcc -Wall -O0 -g3 -I"/home/user/utils/HLS_AxiMaster/using_hls_master_stream/project_1.sdk/design_1_wrapper_hw_platform_0" -c -fmessage-length=0 -MT"src/ps7_init.o" -I../../fsbl_bsp/ps7_cortexa9_0/include -MMD -MP -MF"src/ps7_init.d" -MT"src/ps7_init.d" -o "src/ps7_init.o" "/home/user/utils/HLS_AxiMaster/using_hls_master_stream/project_1.sdk/design_1_wrapper_hw_platform_0/ps7_init.c"
Finished building: /home/user/utils/HLS_AxiMaster/using_hls_master_stream/project_1.sdk/design_1_wrapper_hw_platform_0/ps7_init.c
 
Building file: ../src/qspi.c
Invoking: ARM gcc compiler
arm-xilinx-eabi-gcc -Wall -O0 -g3 -I"/home/user/utils/HLS_AxiMaster/using_hls_master_stream/project_1.sdk/design_1_wrapper_hw_platform_0" -c -fmessage-length=0 -MT"src/qspi.o" -I../../fsbl_bsp/ps7_cortexa9_0/include -MMD -MP -MF"src/qspi.d" -MT"src/qspi.d" -o "src/qspi.o" "../src/qspi.c"
Finished building: ../src/qspi.c
 
Building file: ../src/rsa.c
Invoking: ARM gcc compiler
arm-xilinx-eabi-gcc -Wall -O0 -g3 -I"/home/user/utils/HLS_AxiMaster/using_hls_master_stream/project_1.sdk/design_1_wrapper_hw_platform_0" -c -fmessage-length=0 -MT"src/rsa.o" -I../../fsbl_bsp/ps7_cortexa9_0/include -MMD -MP -MF"src/rsa.d" -MT"src/rsa.d" -o "src/rsa.o" "../src/rsa.c"
Finished building: ../src/rsa.c
 
Building file: ../src/sd.c
Invoking: ARM gcc compiler
arm-xilinx-eabi-gcc -Wall -O0 -g3 -I"/home/user/utils/HLS_AxiMaster/using_hls_master_stream/project_1.sdk/design_1_wrapper_hw_platform_0" -c -fmessage-length=0 -MT"src/sd.o" -I../../fsbl_bsp/ps7_cortexa9_0/include -MMD -MP -MF"src/sd.d" -MT"src/sd.d" -o "src/sd.o" "../src/sd.c"
Finished building: ../src/sd.c
 
Building target: fsbl.elf
Invoking: ARM gcc linker
arm-xilinx-eabi-gcc -L"/home/user/utils/HLS_AxiMaster/using_hls_master_stream/project_1.sdk/fsbl/src" -Wl,-T -Wl,../src/lscript.ld -L../../fsbl_bsp/ps7_cortexa9_0/lib -o "fsbl.elf"  ./src/fsbl_handoff.o ./src/fsbl_hooks.o ./src/image_mover.o ./src/main.o ./src/md5.o ./src/nand.o ./src/nor.o ./src/pcap.o ./src/ps7_init.o ./src/qspi.o ./src/rsa.o ./src/sd.o   -lrsa -Wl,--start-group,-lxil,-lgcc,-lc,--end-group -Wl,--start-group,-lxilffs,-lxil,-lgcc,-lc,--end-group -Wl,--start-group,-lrsa,-lxil,-lgcc,-lc,--end-group
Finished building target: fsbl.elf
 
Invoking: ARM Print Size
arm-xilinx-eabi-size fsbl.elf  |tee "fsbl.elf.size"
   text	   data	    bss	    dec	    hex	filename
  74340	  12052	  73380	 159772	  2701c	fsbl.elf
Finished building: fsbl.elf.size
 
